<?xml version="1.0" encoding="UTF-8"?>
<!-- Generated by org.testng.reporters.JUnitReportReporter -->
<testsuite hostname="Prasannadevi" failures="0" tests="1" name="com.OrangeHrm.TestScripts.SignUpTest" time="17.181" errors="0" timestamp="15 Oct 2024 23:55:02 GMT" skipped="0">
  <testcase classname="com.OrangeHrm.TestScripts.SignUpTest" name="signUp" time="17.181"/>
</testsuite> <!-- com.OrangeHrm.TestScripts.SignUpTest -->
