<?xml version="1.0" encoding="UTF-8"?>
<!-- Generated by org.testng.reporters.JUnitReportReporter -->
<testsuite hostname="Prasannadevi" failures="0" tests="6" name="com.OrangeHrm.TestScripts.InvalidLogin" time="5.327" errors="0" timestamp="15 Oct 2024 23:55:02 GMT" skipped="0">
  <testcase classname="com.OrangeHrm.TestScripts.InvalidLogin" name="InvalidLoginIntoDemoWebShop" time="0.782"/>
  <testcase classname="com.OrangeHrm.TestScripts.InvalidLogin" name="InvalidLoginIntoDemoWebShop" time="0.998"/>
  <testcase classname="com.OrangeHrm.TestScripts.InvalidLogin" name="InvalidLoginIntoDemoWebShop" time="0.950"/>
  <testcase classname="com.OrangeHrm.TestScripts.InvalidLogin" name="InvalidLoginIntoDemoWebShop" time="0.871"/>
  <testcase classname="com.OrangeHrm.TestScripts.InvalidLogin" name="InvalidLoginIntoDemoWebShop" time="0.785"/>
  <testcase classname="com.OrangeHrm.TestScripts.InvalidLogin" name="InvalidLoginIntoDemoWebShop" time="0.941"/>
</testsuite> <!-- com.OrangeHrm.TestScripts.InvalidLogin -->
