<?xml version="1.0" encoding="UTF-8"?>
<!-- Generated by org.testng.reporters.JUnitReportReporter -->
<testsuite hostname="Prasannadevi" failures="0" tests="1" name="com.OrangeHrm.TestScripts.ProductCheckOutTest" time="11.853" errors="0" timestamp="15 Oct 2024 23:52:06 GMT" skipped="0">
  <testcase classname="com.OrangeHrm.TestScripts.ProductCheckOutTest" name="checkOutTest" time="11.853"/>
</testsuite> <!-- com.OrangeHrm.TestScripts.ProductCheckOutTest -->
