<?xml version="1.0" encoding="UTF-8"?>
<!-- Generated by org.testng.reporters.JUnitReportReporter -->
<testsuite hostname="Prasannadevi" failures="0" tests="3" name="com.OrangeHrm.TestScripts.LoginTest" time="22.031" errors="0" timestamp="15 Oct 2024 23:53:41 GMT" skipped="0">
  <testcase classname="com.OrangeHrm.TestScripts.LoginTest" name="login" time="7.191"/>
  <testcase classname="com.OrangeHrm.TestScripts.LoginTest" name="login" time="7.353"/>
  <testcase classname="com.OrangeHrm.TestScripts.LoginTest" name="login" time="7.487"/>
</testsuite> <!-- com.OrangeHrm.TestScripts.LoginTest -->
